<?xml version="1.0" encoding="UTF-8"?>
<!-- Generated by org.testng.reporters.JUnitReportReporter -->
<testsuite hostname="LAPTOP-G86I0Q3V" failures="0" tests="1" name="testng.Test1" time="0.016" errors="0" timestamp="2022-10-28T16:45:05 IST" skipped="0">
  <testcase classname="testng.Test1" name="demo" time="0.016"/>
  <system-out>
    <![CDATA[hello java
hello selenium]]>
  </system-out>
</testsuite> <!-- testng.Test1 -->
