<?xml version="1.0" encoding="UTF-8"?>
<!-- Generated by org.testng.reporters.JUnitReportReporter -->
<testsuite hostname="LAPTOP-G86I0Q3V" failures="0" tests="3" name="testng.Parallel" time="61.157" errors="0" timestamp="2022-11-01T15:00:05 IST" skipped="0">
  <testcase classname="testng.Parallel" name="tc1" time="18.539"/>
  <system-out>
    <![CDATA[actiTIME - Login
https://demo.actitime.com/login.do]]>
  </system-out>
  <testcase classname="testng.Parallel" name="tc1" time="21.919"/>
  <system-out>
    <![CDATA[actiTIME - Login
https://demo.actitime.com/login.do]]>
  </system-out>
  <testcase classname="testng.Parallel" name="tc1" time="20.699"/>
  <system-out>
    <![CDATA[actiTIME - Login
https://demo.actitime.com/login.do]]>
  </system-out>
</testsuite> <!-- testng.Parallel -->
