<?xml version="1.0" encoding="UTF-8"?>
<!-- Generated by org.testng.reporters.JUnitReportReporter -->
<testsuite hostname="LAPTOP-G86I0Q3V" failures="0" tests="1" name="testng.TestCase3" time="7.497" errors="0" timestamp="2022-11-01T14:45:34 IST" skipped="0">
  <testcase classname="testng.TestCase3" name="tc3" time="7.497"/>
  <system-out>
    <![CDATA[actiTIME - Login
https://demo.actitime.com/login.do]]>
  </system-out>
</testsuite> <!-- testng.TestCase3 -->
